<?xml version="1.0" encoding="UTF-8"?>
<!-- Generated by org.testng.reporters.JUnitXMLReporter -->
<testsuite ignored="0" hostname="lenovo-Lenovo-V15-G2-ITL-Ua" failures="0" tests="10" name="Default test" time="0.028" errors="0" timestamp="10 Nov 2022 07:37:04 GMT">
  <testcase classname="com.Campaigns.testCases.BaseClass" name="@BeforeClass setup" time="0.0">
    <failure type="org.testng.TestNGException" message="
Parameter &amp;apos;browser&amp;apos; is required by BeforeClass on method setup but has not been marked @Optional or defined
in /tmp/testng-eclipse--1236894548/testng-customsuite.xml">
      <![CDATA[org.testng.TestNGException: 
Parameter 'browser' is required by BeforeClass on method setup but has not been marked @Optional or defined
in /tmp/testng-eclipse--1236894548/testng-customsuite.xml
at org.testng.internal.Parameters.createParams(Parameters.java:290)
at org.testng.internal.Parameters.createParametersForMethod(Parameters.java:359)
at org.testng.internal.Parameters.createParameters(Parameters.java:620)
at org.testng.internal.Parameters.createConfigurationParameters(Parameters.java:190)
at org.testng.internal.Invoker.invokeConfigurations(Invoker.java:209)
at org.testng.internal.Invoker.invokeConfigurations(Invoker.java:142)
at org.testng.internal.TestMethodWorker.invokeBeforeClassMethods(TestMethodWorker.java:168)
at org.testng.internal.TestMethodWorker.run(TestMethodWorker.java:105)
at org.testng.TestRunner.privateRun(TestRunner.java:648)
at org.testng.TestRunner.run(TestRunner.java:505)
at org.testng.SuiteRunner.runTest(SuiteRunner.java:455)
at org.testng.SuiteRunner.runSequentially(SuiteRunner.java:450)
at org.testng.SuiteRunner.privateRun(SuiteRunner.java:415)
at org.testng.SuiteRunner.run(SuiteRunner.java:364)
at org.testng.SuiteRunnerWorker.runSuite(SuiteRunnerWorker.java:52)
at org.testng.SuiteRunnerWorker.run(SuiteRunnerWorker.java:84)
at org.testng.TestNG.runSuitesSequentially(TestNG.java:1208)
at org.testng.TestNG.runSuitesLocally(TestNG.java:1137)
at org.testng.TestNG.runSuites(TestNG.java:1049)
at org.testng.TestNG.run(TestNG.java:1017)
at org.testng.remote.AbstractRemoteTestNG.run(AbstractRemoteTestNG.java:115)
at org.testng.remote.RemoteTestNG.initAndRun(RemoteTestNG.java:251)
at org.testng.remote.RemoteTestNG.main(RemoteTestNG.java:77)
]]>
    </failure>
  </testcase> <!-- @BeforeClass setup -->
  <testcase classname="com.Campaigns.testCases.TC_MasterTestCase" name="SearchCampaign" time="0.0">
    <skipped/>
  </testcase> <!-- SearchCampaign -->
  <testcase classname="com.Campaigns.testCases.TC_MasterTestCase" name="CreateCampaign" time="0.0">
    <skipped/>
  </testcase> <!-- CreateCampaign -->
  <testcase classname="com.Campaigns.testCases.TC_MasterTestCase" name="UpdateCampaign" time="0.0">
    <skipped/>
  </testcase> <!-- UpdateCampaign -->
  <testcase classname="com.Campaigns.testCases.TC_MasterTestCase" name="Compliance" time="0.0">
    <skipped/>
  </testcase> <!-- Compliance -->
  <testcase classname="com.Campaigns.testCases.TC_MasterTestCase" name="OptinList" time="0.0">
    <skipped/>
  </testcase> <!-- OptinList -->
  <testcase classname="com.Campaigns.testCases.TC_MasterTestCase" name="MessageSchedule" time="0.0">
    <skipped/>
  </testcase> <!-- MessageSchedule -->
  <testcase classname="com.Campaigns.testCases.TC_MasterTestCase" name="AutoResponse" time="0.0">
    <skipped/>
  </testcase> <!-- AutoResponse -->
  <testcase classname="com.Campaigns.testCases.TC_MasterTestCase" name="Keywords" time="0.0">
    <skipped/>
  </testcase> <!-- Keywords -->
  <testcase classname="com.Campaigns.testCases.TC_MasterTestCase" name="SMSInbox" time="0.0">
    <skipped/>
  </testcase> <!-- SMSInbox -->
  <testcase classname="com.Campaigns.testCases.TC_MasterTestCase" name="copyDelete" time="0.0">
    <skipped/>
  </testcase> <!-- copyDelete -->
</testsuite> <!-- Default test -->
